-------------------------------------------------------------------------------
Test set: CellHeatmapServiceTest
-------------------------------------------------------------------------------
Tests run: 2, Failures: 0, Errors: 2, Skipped: 0, Time elapsed: 0.599 s <<< FAILURE! - in CellHeatmapServiceTest
filterByMultipleProperties(CellHeatmapServiceTest)  Time elapsed: 0.001 s  <<< ERROR!
java.lang.IllegalStateException: Failed to load ApplicationContext
Caused by: org.springframework.beans.factory.BeanCreationException: Error creating bean with name 'application': Injection of autowired dependencies failed; nested exception is java.lang.IllegalArgumentException: Could not resolve placeholder 'solr.host' in value "${solr.host}"
Caused by: java.lang.IllegalArgumentException: Could not resolve placeholder 'solr.host' in value "${solr.host}"

filterForSingleRow(CellHeatmapServiceTest)  Time elapsed: 0 s  <<< ERROR!
java.lang.IllegalStateException: Failed to load ApplicationContext
Caused by: org.springframework.beans.factory.BeanCreationException: Error creating bean with name 'application': Injection of autowired dependencies failed; nested exception is java.lang.IllegalArgumentException: Could not resolve placeholder 'solr.host' in value "${solr.host}"
Caused by: java.lang.IllegalArgumentException: Could not resolve placeholder 'solr.host' in value "${solr.host}"

